C:\Program Files\Microsoft Visual Studio\2022\Community\MSBuild\Microsoft\VC\v170\Microsoft.CppBuild.targets(500,5): warning MSB8004: El directorio Output no termina con una barra diagonal final. Esta instancia de compilación agregará la barra diagonal porque es necesaria para que se pueda evaluar correctamente el directorio Output.
  game.cpp
C:\Users\Usuario\OneDrive\Escritorio\UNI\3. Tercer Curs\3. Tercer Trimestre\Jocs Electronics\Practica1\TJE2D-master\src\image.h(61,89): warning C4018: '>=': no coinciden signed/unsigned
C:\Users\Usuario\OneDrive\Escritorio\UNI\3. Tercer Curs\3. Tercer Trimestre\Jocs Electronics\Practica1\TJE2D-master\src\image.h(61,103): warning C4018: '>=': no coinciden signed/unsigned
C:\Users\Usuario\OneDrive\Escritorio\UNI\3. Tercer Curs\3. Tercer Trimestre\Jocs Electronics\Practica1\TJE2D-master\src\image.h(104,20): warning C4018: '<': no coinciden signed/unsigned
C:\Users\Usuario\OneDrive\Escritorio\UNI\3. Tercer Curs\3. Tercer Trimestre\Jocs Electronics\Practica1\TJE2D-master\src\image.h(105,21): warning C4018: '<': no coinciden signed/unsigned
C:\Users\Usuario\OneDrive\Escritorio\UNI\3. Tercer Curs\3. Tercer Trimestre\Jocs Electronics\Practica1\TJE2D-master\src\game.cpp(219,22): warning C4018: '>=': no coinciden signed/unsigned
  level.cpp
C:\Users\Usuario\OneDrive\Escritorio\UNI\3. Tercer Curs\3. Tercer Trimestre\Jocs Electronics\Practica1\TJE2D-master\src\framework.h(257,74): warning C4244: 'argumento': conversión de 'int' a 'float'; posible pérdida de datos
C:\Users\Usuario\OneDrive\Escritorio\UNI\3. Tercer Curs\3. Tercer Trimestre\Jocs Electronics\Practica1\TJE2D-master\src\framework.h(257,113): warning C4244: 'argumento': conversión de 'int' a 'float'; posible pérdida de datos
C:\Users\Usuario\OneDrive\Escritorio\UNI\3. Tercer Curs\3. Tercer Trimestre\Jocs Electronics\Practica1\TJE2D-master\src\framework.h(257,152): warning C4244: 'argumento': conversión de 'int' a 'float'; posible pérdida de datos
C:\Users\Usuario\OneDrive\Escritorio\UNI\3. Tercer Curs\3. Tercer Trimestre\Jocs Electronics\Practica1\TJE2D-master\src\framework.h(259,97): warning C4244: 'argumento': conversión de 'float' a 'unsigned char'; posible pérdida de datos
C:\Users\Usuario\OneDrive\Escritorio\UNI\3. Tercer Curs\3. Tercer Trimestre\Jocs Electronics\Practica1\TJE2D-master\src\framework.h(259,79): warning C4244: 'argumento': conversión de 'float' a 'unsigned char'; posible pérdida de datos
C:\Users\Usuario\OneDrive\Escritorio\UNI\3. Tercer Curs\3. Tercer Trimestre\Jocs Electronics\Practica1\TJE2D-master\src\framework.h(259,61): warning C4244: 'argumento': conversión de 'float' a 'unsigned char'; posible pérdida de datos
C:\Users\Usuario\OneDrive\Escritorio\UNI\3. Tercer Curs\3. Tercer Trimestre\Jocs Electronics\Practica1\TJE2D-master\src\framework.h(275,68): warning C4244: 'inicializando': conversión de 'double' a 'float'; posible pérdida de datos
C:\Users\Usuario\OneDrive\Escritorio\UNI\3. Tercer Curs\3. Tercer Trimestre\Jocs Electronics\Practica1\TJE2D-master\src\framework.h(278,177): warning C4244: 'argumento': conversión de 'double' a 'unsigned char'; posible pérdida de datos
C:\Users\Usuario\OneDrive\Escritorio\UNI\3. Tercer Curs\3. Tercer Trimestre\Jocs Electronics\Practica1\TJE2D-master\src\framework.h(278,140): warning C4244: 'argumento': conversión de 'double' a 'unsigned char'; posible pérdida de datos
C:\Users\Usuario\OneDrive\Escritorio\UNI\3. Tercer Curs\3. Tercer Trimestre\Jocs Electronics\Practica1\TJE2D-master\src\framework.h(278,103): warning C4244: 'argumento': conversión de 'double' a 'unsigned char'; posible pérdida de datos
C:\Users\Usuario\OneDrive\Escritorio\UNI\3. Tercer Curs\3. Tercer Trimestre\Jocs Electronics\Practica1\TJE2D-master\src\image.h(61,89): warning C4018: '>=': no coinciden signed/unsigned
C:\Users\Usuario\OneDrive\Escritorio\UNI\3. Tercer Curs\3. Tercer Trimestre\Jocs Electronics\Practica1\TJE2D-master\src\image.h(61,103): warning C4018: '>=': no coinciden signed/unsigned
C:\Users\Usuario\OneDrive\Escritorio\UNI\3. Tercer Curs\3. Tercer Trimestre\Jocs Electronics\Practica1\TJE2D-master\src\image.h(104,20): warning C4018: '<': no coinciden signed/unsigned
C:\Users\Usuario\OneDrive\Escritorio\UNI\3. Tercer Curs\3. Tercer Trimestre\Jocs Electronics\Practica1\TJE2D-master\src\image.h(105,21): warning C4018: '<': no coinciden signed/unsigned
C:\Users\Usuario\OneDrive\Escritorio\UNI\3. Tercer Curs\3. Tercer Trimestre\Jocs Electronics\Practica1\TJE2D-master\src\level.cpp(27,20): warning C4018: '<': no coinciden signed/unsigned
C:\Users\Usuario\OneDrive\Escritorio\UNI\3. Tercer Curs\3. Tercer Trimestre\Jocs Electronics\Practica1\TJE2D-master\src\level.cpp(31,20): warning C4018: '<': no coinciden signed/unsigned
C:\Users\Usuario\OneDrive\Escritorio\UNI\3. Tercer Curs\3. Tercer Trimestre\Jocs Electronics\Practica1\TJE2D-master\src\level.cpp(42,20): warning C4018: '<': no coinciden signed/unsigned
C:\Users\Usuario\OneDrive\Escritorio\UNI\3. Tercer Curs\3. Tercer Trimestre\Jocs Electronics\Practica1\TJE2D-master\src\level.cpp(46,20): warning C4018: '<': no coinciden signed/unsigned
C:\Users\Usuario\OneDrive\Escritorio\UNI\3. Tercer Curs\3. Tercer Trimestre\Jocs Electronics\Practica1\TJE2D-master\src\level.cpp(58,20): warning C4018: '<': no coinciden signed/unsigned
C:\Users\Usuario\OneDrive\Escritorio\UNI\3. Tercer Curs\3. Tercer Trimestre\Jocs Electronics\Practica1\TJE2D-master\src\level.cpp(88,20): warning C4018: '<': no coinciden signed/unsigned
C:\Users\Usuario\OneDrive\Escritorio\UNI\3. Tercer Curs\3. Tercer Trimestre\Jocs Electronics\Practica1\TJE2D-master\src\level.cpp(93,20): warning C4018: '<': no coinciden signed/unsigned
C:\Users\Usuario\OneDrive\Escritorio\UNI\3. Tercer Curs\3. Tercer Trimestre\Jocs Electronics\Practica1\TJE2D-master\src\level.cpp(94,21): warning C4018: '<': no coinciden signed/unsigned
C:\Users\Usuario\OneDrive\Escritorio\UNI\3. Tercer Curs\3. Tercer Trimestre\Jocs Electronics\Practica1\TJE2D-master\src\level.cpp(108,21): warning C4018: '<': no coinciden signed/unsigned
C:\Users\Usuario\OneDrive\Escritorio\UNI\3. Tercer Curs\3. Tercer Trimestre\Jocs Electronics\Practica1\TJE2D-master\src\level.cpp(122,20): warning C4018: '<': no coinciden signed/unsigned
C:\Users\Usuario\OneDrive\Escritorio\UNI\3. Tercer Curs\3. Tercer Trimestre\Jocs Electronics\Practica1\TJE2D-master\src\level.cpp(127,20): warning C4018: '<': no coinciden signed/unsigned
C:\Users\Usuario\OneDrive\Escritorio\UNI\3. Tercer Curs\3. Tercer Trimestre\Jocs Electronics\Practica1\TJE2D-master\src\level.cpp(140,20): warning C4018: '<': no coinciden signed/unsigned
C:\Users\Usuario\OneDrive\Escritorio\UNI\3. Tercer Curs\3. Tercer Trimestre\Jocs Electronics\Practica1\TJE2D-master\src\level.cpp(144,20): warning C4018: '<': no coinciden signed/unsigned
  main.cpp
C:\Users\Usuario\OneDrive\Escritorio\UNI\3. Tercer Curs\3. Tercer Trimestre\Jocs Electronics\Practica1\TJE2D-master\src\image.h(61,89): warning C4018: '>=': no coinciden signed/unsigned
C:\Users\Usuario\OneDrive\Escritorio\UNI\3. Tercer Curs\3. Tercer Trimestre\Jocs Electronics\Practica1\TJE2D-master\src\image.h(61,103): warning C4018: '>=': no coinciden signed/unsigned
C:\Users\Usuario\OneDrive\Escritorio\UNI\3. Tercer Curs\3. Tercer Trimestre\Jocs Electronics\Practica1\TJE2D-master\src\image.h(104,20): warning C4018: '<': no coinciden signed/unsigned
C:\Users\Usuario\OneDrive\Escritorio\UNI\3. Tercer Curs\3. Tercer Trimestre\Jocs Electronics\Practica1\TJE2D-master\src\image.h(105,21): warning C4018: '<': no coinciden signed/unsigned
  map.cpp
C:\Users\Usuario\OneDrive\Escritorio\UNI\3. Tercer Curs\3. Tercer Trimestre\Jocs Electronics\Practica1\TJE2D-master\src\image.h(61,89): warning C4018: '>=': no coinciden signed/unsigned
C:\Users\Usuario\OneDrive\Escritorio\UNI\3. Tercer Curs\3. Tercer Trimestre\Jocs Electronics\Practica1\TJE2D-master\src\image.h(61,103): warning C4018: '>=': no coinciden signed/unsigned
C:\Users\Usuario\OneDrive\Escritorio\UNI\3. Tercer Curs\3. Tercer Trimestre\Jocs Electronics\Practica1\TJE2D-master\src\image.h(104,20): warning C4018: '<': no coinciden signed/unsigned
C:\Users\Usuario\OneDrive\Escritorio\UNI\3. Tercer Curs\3. Tercer Trimestre\Jocs Electronics\Practica1\TJE2D-master\src\image.h(105,21): warning C4018: '<': no coinciden signed/unsigned
C:\Users\Usuario\OneDrive\Escritorio\UNI\3. Tercer Curs\3. Tercer Trimestre\Jocs Electronics\Practica1\TJE2D-master\src\map.cpp(44,20): warning C4018: '<': no coinciden signed/unsigned
C:\Users\Usuario\OneDrive\Escritorio\UNI\3. Tercer Curs\3. Tercer Trimestre\Jocs Electronics\Practica1\TJE2D-master\src\map.cpp(48,21): warning C4018: '<': no coinciden signed/unsigned
  particle.cpp
C:\Users\Usuario\OneDrive\Escritorio\UNI\3. Tercer Curs\3. Tercer Trimestre\Jocs Electronics\Practica1\TJE2D-master\src\framework.h(257,74): warning C4244: 'argumento': conversión de 'int' a 'float'; posible pérdida de datos
C:\Users\Usuario\OneDrive\Escritorio\UNI\3. Tercer Curs\3. Tercer Trimestre\Jocs Electronics\Practica1\TJE2D-master\src\framework.h(257,113): warning C4244: 'argumento': conversión de 'int' a 'float'; posible pérdida de datos
C:\Users\Usuario\OneDrive\Escritorio\UNI\3. Tercer Curs\3. Tercer Trimestre\Jocs Electronics\Practica1\TJE2D-master\src\framework.h(257,152): warning C4244: 'argumento': conversión de 'int' a 'float'; posible pérdida de datos
C:\Users\Usuario\OneDrive\Escritorio\UNI\3. Tercer Curs\3. Tercer Trimestre\Jocs Electronics\Practica1\TJE2D-master\src\framework.h(259,97): warning C4244: 'argumento': conversión de 'float' a 'unsigned char'; posible pérdida de datos
C:\Users\Usuario\OneDrive\Escritorio\UNI\3. Tercer Curs\3. Tercer Trimestre\Jocs Electronics\Practica1\TJE2D-master\src\framework.h(259,79): warning C4244: 'argumento': conversión de 'float' a 'unsigned char'; posible pérdida de datos
C:\Users\Usuario\OneDrive\Escritorio\UNI\3. Tercer Curs\3. Tercer Trimestre\Jocs Electronics\Practica1\TJE2D-master\src\framework.h(259,61): warning C4244: 'argumento': conversión de 'float' a 'unsigned char'; posible pérdida de datos
C:\Users\Usuario\OneDrive\Escritorio\UNI\3. Tercer Curs\3. Tercer Trimestre\Jocs Electronics\Practica1\TJE2D-master\src\framework.h(275,68): warning C4244: 'inicializando': conversión de 'double' a 'float'; posible pérdida de datos
C:\Users\Usuario\OneDrive\Escritorio\UNI\3. Tercer Curs\3. Tercer Trimestre\Jocs Electronics\Practica1\TJE2D-master\src\framework.h(278,177): warning C4244: 'argumento': conversión de 'double' a 'unsigned char'; posible pérdida de datos
C:\Users\Usuario\OneDrive\Escritorio\UNI\3. Tercer Curs\3. Tercer Trimestre\Jocs Electronics\Practica1\TJE2D-master\src\framework.h(278,140): warning C4244: 'argumento': conversión de 'double' a 'unsigned char'; posible pérdida de datos
C:\Users\Usuario\OneDrive\Escritorio\UNI\3. Tercer Curs\3. Tercer Trimestre\Jocs Electronics\Practica1\TJE2D-master\src\framework.h(278,103): warning C4244: 'argumento': conversión de 'double' a 'unsigned char'; posible pérdida de datos
  planet.cpp
C:\Users\Usuario\OneDrive\Escritorio\UNI\3. Tercer Curs\3. Tercer Trimestre\Jocs Electronics\Practica1\TJE2D-master\src\framework.h(257,74): warning C4244: 'argumento': conversión de 'int' a 'float'; posible pérdida de datos
C:\Users\Usuario\OneDrive\Escritorio\UNI\3. Tercer Curs\3. Tercer Trimestre\Jocs Electronics\Practica1\TJE2D-master\src\framework.h(257,113): warning C4244: 'argumento': conversión de 'int' a 'float'; posible pérdida de datos
C:\Users\Usuario\OneDrive\Escritorio\UNI\3. Tercer Curs\3. Tercer Trimestre\Jocs Electronics\Practica1\TJE2D-master\src\framework.h(257,152): warning C4244: 'argumento': conversión de 'int' a 'float'; posible pérdida de datos
C:\Users\Usuario\OneDrive\Escritorio\UNI\3. Tercer Curs\3. Tercer Trimestre\Jocs Electronics\Practica1\TJE2D-master\src\framework.h(259,97): warning C4244: 'argumento': conversión de 'float' a 'unsigned char'; posible pérdida de datos
C:\Users\Usuario\OneDrive\Escritorio\UNI\3. Tercer Curs\3. Tercer Trimestre\Jocs Electronics\Practica1\TJE2D-master\src\framework.h(259,79): warning C4244: 'argumento': conversión de 'float' a 'unsigned char'; posible pérdida de datos
C:\Users\Usuario\OneDrive\Escritorio\UNI\3. Tercer Curs\3. Tercer Trimestre\Jocs Electronics\Practica1\TJE2D-master\src\framework.h(259,61): warning C4244: 'argumento': conversión de 'float' a 'unsigned char'; posible pérdida de datos
C:\Users\Usuario\OneDrive\Escritorio\UNI\3. Tercer Curs\3. Tercer Trimestre\Jocs Electronics\Practica1\TJE2D-master\src\framework.h(275,68): warning C4244: 'inicializando': conversión de 'double' a 'float'; posible pérdida de datos
C:\Users\Usuario\OneDrive\Escritorio\UNI\3. Tercer Curs\3. Tercer Trimestre\Jocs Electronics\Practica1\TJE2D-master\src\framework.h(278,177): warning C4244: 'argumento': conversión de 'double' a 'unsigned char'; posible pérdida de datos
C:\Users\Usuario\OneDrive\Escritorio\UNI\3. Tercer Curs\3. Tercer Trimestre\Jocs Electronics\Practica1\TJE2D-master\src\framework.h(278,140): warning C4244: 'argumento': conversión de 'double' a 'unsigned char'; posible pérdida de datos
C:\Users\Usuario\OneDrive\Escritorio\UNI\3. Tercer Curs\3. Tercer Trimestre\Jocs Electronics\Practica1\TJE2D-master\src\framework.h(278,103): warning C4244: 'argumento': conversión de 'double' a 'unsigned char'; posible pérdida de datos
C:\Users\Usuario\OneDrive\Escritorio\UNI\3. Tercer Curs\3. Tercer Trimestre\Jocs Electronics\Practica1\TJE2D-master\src\planet.cpp(23,39): warning C4244: '=': conversión de 'double' a 'float'; posible pérdida de datos
C:\Users\Usuario\OneDrive\Escritorio\UNI\3. Tercer Curs\3. Tercer Trimestre\Jocs Electronics\Practica1\TJE2D-master\src\planet.cpp(23,104): warning C4244: '=': conversión de 'double' a 'float'; posible pérdida de datos
  player.cpp
  sprite.cpp
C:\Users\Usuario\OneDrive\Escritorio\UNI\3. Tercer Curs\3. Tercer Trimestre\Jocs Electronics\Practica1\TJE2D-master\src\framework.h(257,74): warning C4244: 'argumento': conversión de 'int' a 'float'; posible pérdida de datos
C:\Users\Usuario\OneDrive\Escritorio\UNI\3. Tercer Curs\3. Tercer Trimestre\Jocs Electronics\Practica1\TJE2D-master\src\framework.h(257,113): warning C4244: 'argumento': conversión de 'int' a 'float'; posible pérdida de datos
C:\Users\Usuario\OneDrive\Escritorio\UNI\3. Tercer Curs\3. Tercer Trimestre\Jocs Electronics\Practica1\TJE2D-master\src\framework.h(257,152): warning C4244: 'argumento': conversión de 'int' a 'float'; posible pérdida de datos
C:\Users\Usuario\OneDrive\Escritorio\UNI\3. Tercer Curs\3. Tercer Trimestre\Jocs Electronics\Practica1\TJE2D-master\src\framework.h(259,97): warning C4244: 'argumento': conversión de 'float' a 'unsigned char'; posible pérdida de datos
C:\Users\Usuario\OneDrive\Escritorio\UNI\3. Tercer Curs\3. Tercer Trimestre\Jocs Electronics\Practica1\TJE2D-master\src\framework.h(259,79): warning C4244: 'argumento': conversión de 'float' a 'unsigned char'; posible pérdida de datos
C:\Users\Usuario\OneDrive\Escritorio\UNI\3. Tercer Curs\3. Tercer Trimestre\Jocs Electronics\Practica1\TJE2D-master\src\framework.h(259,61): warning C4244: 'argumento': conversión de 'float' a 'unsigned char'; posible pérdida de datos
C:\Users\Usuario\OneDrive\Escritorio\UNI\3. Tercer Curs\3. Tercer Trimestre\Jocs Electronics\Practica1\TJE2D-master\src\framework.h(275,68): warning C4244: 'inicializando': conversión de 'double' a 'float'; posible pérdida de datos
C:\Users\Usuario\OneDrive\Escritorio\UNI\3. Tercer Curs\3. Tercer Trimestre\Jocs Electronics\Practica1\TJE2D-master\src\framework.h(278,177): warning C4244: 'argumento': conversión de 'double' a 'unsigned char'; posible pérdida de datos
C:\Users\Usuario\OneDrive\Escritorio\UNI\3. Tercer Curs\3. Tercer Trimestre\Jocs Electronics\Practica1\TJE2D-master\src\framework.h(278,140): warning C4244: 'argumento': conversión de 'double' a 'unsigned char'; posible pérdida de datos
C:\Users\Usuario\OneDrive\Escritorio\UNI\3. Tercer Curs\3. Tercer Trimestre\Jocs Electronics\Practica1\TJE2D-master\src\framework.h(278,103): warning C4244: 'argumento': conversión de 'double' a 'unsigned char'; posible pérdida de datos
C:\Users\Usuario\OneDrive\Escritorio\UNI\3. Tercer Curs\3. Tercer Trimestre\Jocs Electronics\Practica1\TJE2D-master\src\image.h(53,38): warning C4244: 'argumento': conversión de 'unsigned int' a 'float'; posible pérdida de datos
C:\Users\Usuario\OneDrive\Escritorio\UNI\3. Tercer Curs\3. Tercer Trimestre\Jocs Electronics\Practica1\TJE2D-master\src\image.h(53,27): warning C4244: 'argumento': conversión de 'unsigned int' a 'float'; posible pérdida de datos
C:\Users\Usuario\OneDrive\Escritorio\UNI\3. Tercer Curs\3. Tercer Trimestre\Jocs Electronics\Practica1\TJE2D-master\src\image.h(53,12): warning C4244: '=': conversión de 'float' a 'unsigned int'; posible pérdida de datos
C:\Users\Usuario\OneDrive\Escritorio\UNI\3. Tercer Curs\3. Tercer Trimestre\Jocs Electronics\Practica1\TJE2D-master\src\image.h(54,39): warning C4244: 'argumento': conversión de 'unsigned int' a 'float'; posible pérdida de datos
C:\Users\Usuario\OneDrive\Escritorio\UNI\3. Tercer Curs\3. Tercer Trimestre\Jocs Electronics\Practica1\TJE2D-master\src\image.h(54,27): warning C4244: 'argumento': conversión de 'unsigned int' a 'float'; posible pérdida de datos
C:\Users\Usuario\OneDrive\Escritorio\UNI\3. Tercer Curs\3. Tercer Trimestre\Jocs Electronics\Practica1\TJE2D-master\src\image.h(54,12): warning C4244: '=': conversión de 'float' a 'unsigned int'; posible pérdida de datos
C:\Users\Usuario\OneDrive\Escritorio\UNI\3. Tercer Curs\3. Tercer Trimestre\Jocs Electronics\Practica1\TJE2D-master\src\image.h(61,89): warning C4018: '>=': no coinciden signed/unsigned
C:\Users\Usuario\OneDrive\Escritorio\UNI\3. Tercer Curs\3. Tercer Trimestre\Jocs Electronics\Practica1\TJE2D-master\src\image.h(61,103): warning C4018: '>=': no coinciden signed/unsigned
C:\Users\Usuario\OneDrive\Escritorio\UNI\3. Tercer Curs\3. Tercer Trimestre\Jocs Electronics\Practica1\TJE2D-master\src\image.h(74,111): warning C4244: 'argumento': conversión de 'float' a 'int'; posible pérdida de datos
C:\Users\Usuario\OneDrive\Escritorio\UNI\3. Tercer Curs\3. Tercer Trimestre\Jocs Electronics\Practica1\TJE2D-master\src\image.h(74,103): warning C4244: 'argumento': conversión de 'float' a 'int'; posible pérdida de datos
C:\Users\Usuario\OneDrive\Escritorio\UNI\3. Tercer Curs\3. Tercer Trimestre\Jocs Electronics\Practica1\TJE2D-master\src\image.h(74,95): warning C4244: 'argumento': conversión de 'float' a 'int'; posible pérdida de datos
C:\Users\Usuario\OneDrive\Escritorio\UNI\3. Tercer Curs\3. Tercer Trimestre\Jocs Electronics\Practica1\TJE2D-master\src\image.h(74,87): warning C4244: 'argumento': conversión de 'float' a 'int'; posible pérdida de datos
C:\Users\Usuario\OneDrive\Escritorio\UNI\3. Tercer Curs\3. Tercer Trimestre\Jocs Electronics\Practica1\TJE2D-master\src\image.h(104,20): warning C4018: '<': no coinciden signed/unsigned
C:\Users\Usuario\OneDrive\Escritorio\UNI\3. Tercer Curs\3. Tercer Trimestre\Jocs Electronics\Practica1\TJE2D-master\src\image.h(105,21): warning C4018: '<': no coinciden signed/unsigned
C:\Users\Usuario\OneDrive\Escritorio\UNI\3. Tercer Curs\3. Tercer Trimestre\Jocs Electronics\Practica1\TJE2D-master\src\sprite.cpp(8,99): warning C4244: 'argumento': conversión de 'unsigned int' a 'float'; posible pérdida de datos
C:\Users\Usuario\OneDrive\Escritorio\UNI\3. Tercer Curs\3. Tercer Trimestre\Jocs Electronics\Practica1\TJE2D-master\src\sprite.cpp(8,93): warning C4244: 'argumento': conversión de 'unsigned int' a 'float'; posible pérdida de datos
C:\Users\Usuario\OneDrive\Escritorio\UNI\3. Tercer Curs\3. Tercer Trimestre\Jocs Electronics\Practica1\TJE2D-master\src\sprite.cpp(8,86): warning C4244: 'argumento': conversión de 'unsigned int' a 'float'; posible pérdida de datos
C:\Users\Usuario\OneDrive\Escritorio\UNI\3. Tercer Curs\3. Tercer Trimestre\Jocs Electronics\Practica1\TJE2D-master\src\sprite.cpp(8,73): warning C4244: 'argumento': conversión de 'unsigned int' a 'float'; posible pérdida de datos
C:\Users\Usuario\OneDrive\Escritorio\UNI\3. Tercer Curs\3. Tercer Trimestre\Jocs Electronics\Practica1\TJE2D-master\src\sprite.cpp(8,48): warning C4244: 'argumento': conversión de 'double' a 'int'; posible pérdida de datos
C:\Users\Usuario\OneDrive\Escritorio\UNI\3. Tercer Curs\3. Tercer Trimestre\Jocs Electronics\Practica1\TJE2D-master\src\sprite.cpp(8,33): warning C4244: 'argumento': conversión de 'double' a 'int'; posible pérdida de datos
  stage.cpp
C:\Users\Usuario\OneDrive\Escritorio\UNI\3. Tercer Curs\3. Tercer Trimestre\Jocs Electronics\Practica1\TJE2D-master\src\framework.h(257,74): warning C4244: 'argumento': conversión de 'int' a 'float'; posible pérdida de datos
C:\Users\Usuario\OneDrive\Escritorio\UNI\3. Tercer Curs\3. Tercer Trimestre\Jocs Electronics\Practica1\TJE2D-master\src\framework.h(257,113): warning C4244: 'argumento': conversión de 'int' a 'float'; posible pérdida de datos
C:\Users\Usuario\OneDrive\Escritorio\UNI\3. Tercer Curs\3. Tercer Trimestre\Jocs Electronics\Practica1\TJE2D-master\src\framework.h(257,152): warning C4244: 'argumento': conversión de 'int' a 'float'; posible pérdida de datos
C:\Users\Usuario\OneDrive\Escritorio\UNI\3. Tercer Curs\3. Tercer Trimestre\Jocs Electronics\Practica1\TJE2D-master\src\framework.h(259,97): warning C4244: 'argumento': conversión de 'float' a 'unsigned char'; posible pérdida de datos
C:\Users\Usuario\OneDrive\Escritorio\UNI\3. Tercer Curs\3. Tercer Trimestre\Jocs Electronics\Practica1\TJE2D-master\src\framework.h(259,79): warning C4244: 'argumento': conversión de 'float' a 'unsigned char'; posible pérdida de datos
C:\Users\Usuario\OneDrive\Escritorio\UNI\3. Tercer Curs\3. Tercer Trimestre\Jocs Electronics\Practica1\TJE2D-master\src\framework.h(259,61): warning C4244: 'argumento': conversión de 'float' a 'unsigned char'; posible pérdida de datos
C:\Users\Usuario\OneDrive\Escritorio\UNI\3. Tercer Curs\3. Tercer Trimestre\Jocs Electronics\Practica1\TJE2D-master\src\framework.h(275,68): warning C4244: 'inicializando': conversión de 'double' a 'float'; posible pérdida de datos
C:\Users\Usuario\OneDrive\Escritorio\UNI\3. Tercer Curs\3. Tercer Trimestre\Jocs Electronics\Practica1\TJE2D-master\src\framework.h(278,177): warning C4244: 'argumento': conversión de 'double' a 'unsigned char'; posible pérdida de datos
C:\Users\Usuario\OneDrive\Escritorio\UNI\3. Tercer Curs\3. Tercer Trimestre\Jocs Electronics\Practica1\TJE2D-master\src\framework.h(278,140): warning C4244: 'argumento': conversión de 'double' a 'unsigned char'; posible pérdida de datos
C:\Users\Usuario\OneDrive\Escritorio\UNI\3. Tercer Curs\3. Tercer Trimestre\Jocs Electronics\Practica1\TJE2D-master\src\framework.h(278,103): warning C4244: 'argumento': conversión de 'double' a 'unsigned char'; posible pérdida de datos
C:\Users\Usuario\OneDrive\Escritorio\UNI\3. Tercer Curs\3. Tercer Trimestre\Jocs Electronics\Practica1\TJE2D-master\src\image.h(53,38): warning C4244: 'argumento': conversión de 'unsigned int' a 'float'; posible pérdida de datos
C:\Users\Usuario\OneDrive\Escritorio\UNI\3. Tercer Curs\3. Tercer Trimestre\Jocs Electronics\Practica1\TJE2D-master\src\image.h(53,27): warning C4244: 'argumento': conversión de 'unsigned int' a 'float'; posible pérdida de datos
C:\Users\Usuario\OneDrive\Escritorio\UNI\3. Tercer Curs\3. Tercer Trimestre\Jocs Electronics\Practica1\TJE2D-master\src\image.h(53,12): warning C4244: '=': conversión de 'float' a 'unsigned int'; posible pérdida de datos
C:\Users\Usuario\OneDrive\Escritorio\UNI\3. Tercer Curs\3. Tercer Trimestre\Jocs Electronics\Practica1\TJE2D-master\src\image.h(54,39): warning C4244: 'argumento': conversión de 'unsigned int' a 'float'; posible pérdida de datos
C:\Users\Usuario\OneDrive\Escritorio\UNI\3. Tercer Curs\3. Tercer Trimestre\Jocs Electronics\Practica1\TJE2D-master\src\image.h(54,27): warning C4244: 'argumento': conversión de 'unsigned int' a 'float'; posible pérdida de datos
C:\Users\Usuario\OneDrive\Escritorio\UNI\3. Tercer Curs\3. Tercer Trimestre\Jocs Electronics\Practica1\TJE2D-master\src\image.h(54,12): warning C4244: '=': conversión de 'float' a 'unsigned int'; posible pérdida de datos
C:\Users\Usuario\OneDrive\Escritorio\UNI\3. Tercer Curs\3. Tercer Trimestre\Jocs Electronics\Practica1\TJE2D-master\src\image.h(61,89): warning C4018: '>=': no coinciden signed/unsigned
C:\Users\Usuario\OneDrive\Escritorio\UNI\3. Tercer Curs\3. Tercer Trimestre\Jocs Electronics\Practica1\TJE2D-master\src\image.h(61,103): warning C4018: '>=': no coinciden signed/unsigned
C:\Users\Usuario\OneDrive\Escritorio\UNI\3. Tercer Curs\3. Tercer Trimestre\Jocs Electronics\Practica1\TJE2D-master\src\image.h(74,111): warning C4244: 'argumento': conversión de 'float' a 'int'; posible pérdida de datos
C:\Users\Usuario\OneDrive\Escritorio\UNI\3. Tercer Curs\3. Tercer Trimestre\Jocs Electronics\Practica1\TJE2D-master\src\image.h(74,103): warning C4244: 'argumento': conversión de 'float' a 'int'; posible pérdida de datos
C:\Users\Usuario\OneDrive\Escritorio\UNI\3. Tercer Curs\3. Tercer Trimestre\Jocs Electronics\Practica1\TJE2D-master\src\image.h(74,95): warning C4244: 'argumento': conversión de 'float' a 'int'; posible pérdida de datos
C:\Users\Usuario\OneDrive\Escritorio\UNI\3. Tercer Curs\3. Tercer Trimestre\Jocs Electronics\Practica1\TJE2D-master\src\image.h(74,87): warning C4244: 'argumento': conversión de 'float' a 'int'; posible pérdida de datos
C:\Users\Usuario\OneDrive\Escritorio\UNI\3. Tercer Curs\3. Tercer Trimestre\Jocs Electronics\Practica1\TJE2D-master\src\image.h(104,20): warning C4018: '<': no coinciden signed/unsigned
C:\Users\Usuario\OneDrive\Escritorio\UNI\3. Tercer Curs\3. Tercer Trimestre\Jocs Electronics\Practica1\TJE2D-master\src\image.h(105,21): warning C4018: '<': no coinciden signed/unsigned
C:\Users\Usuario\OneDrive\Escritorio\UNI\3. Tercer Curs\3. Tercer Trimestre\Jocs Electronics\Practica1\TJE2D-master\src\stage.cpp(107,22): warning C4018: '>=': no coinciden signed/unsigned
  utils.cpp
C:\Users\Usuario\OneDrive\Escritorio\UNI\3. Tercer Curs\3. Tercer Trimestre\Jocs Electronics\Practica1\TJE2D-master\src\image.h(61,89): warning C4018: '>=': no coinciden signed/unsigned
C:\Users\Usuario\OneDrive\Escritorio\UNI\3. Tercer Curs\3. Tercer Trimestre\Jocs Electronics\Practica1\TJE2D-master\src\image.h(61,103): warning C4018: '>=': no coinciden signed/unsigned
C:\Users\Usuario\OneDrive\Escritorio\UNI\3. Tercer Curs\3. Tercer Trimestre\Jocs Electronics\Practica1\TJE2D-master\src\image.h(104,20): warning C4018: '<': no coinciden signed/unsigned
C:\Users\Usuario\OneDrive\Escritorio\UNI\3. Tercer Curs\3. Tercer Trimestre\Jocs Electronics\Practica1\TJE2D-master\src\image.h(105,21): warning C4018: '<': no coinciden signed/unsigned
  Generando código...
framework.obj : warning LNK4075: se omite '/EDITANDCONTINUE' debido a la especificación '/INCREMENTAL:NO'
  visual.vcxproj -> C:\Users\Usuario\OneDrive\Escritorio\UNI\3. Tercer Curs\3. Tercer Trimestre\Jocs Electronics\Practica1\TJE2D-master\Game.exe
